#
# A fatal error has been detected by the Java Runtime Environment:
#
#  EXCEPTION_ACCESS_VIOLATION (0xc0000005) at pc=0x71c000a3, pid=9528, tid=0x00002b5c
#
# JRE version: Java(TM) SE Runtime Environment (8.0_281-b09) (build 1.8.0_281-b09)
# Java VM: Java HotSpot(TM) Client VM (25.281-b09 mixed mode windows-x86 )
# Problematic frame:
# C  [UHFReader288MP.dll+0x100a3]
#
# Failed to write core dump. Minidumps are not enabled by default on client versions of Windows
#
# If you would like to submit a bug report, please visit:
#   http://bugreport.java.com/bugreport/crash.jsp
# The crash happened outside the Java Virtual Machine in native code.
# See problematic frame for where to report the bug.
#

---------------  T H R E A D  ---------------

Current thread (0x00983400):  JavaThread "main" [_thread_in_native, id=11100, stack(0x00b70000,0x00bc0000)]

siginfo: ExceptionCode=0xc0000005, reading address 0x00060250

Registers:
EAX=0x00000000, EBX=0x150f62a0, ECX=0x155502c4, EDX=0xffffffff
ESP=0x00bbf920, EBP=0x00bbf954, ESI=0x00000001, EDI=0x154f0068
EIP=0x71c000a3, EFLAGS=0x00010246

Top of Stack: (sp=0x00bbf920)
0x00bbf920:   150e36f0 00983540 00bbf9a4 150f62a0
0x00bbf930:   73e9111d 00009093 150f50f8 00bbf960
0x00bbf940:   00bbf954 00983400 148bd510 00bbf9a4
0x00bbf950:   148bd510 ffffffff 150e3800 0248db31
0x00bbf960:   009835ff 00bbf9c4 00009093 00bbf9bc
0x00bbf970:   00bbf9b8 00bbf9b4 00000004 00bbf990
0x00bbf980:   74627f7a 00bbf984 00000000 00bbf9c4
0x00bbf990:   148be478 00000000 148bd510 00000000 

Instructions: (pc=0x71c000a3)
0x71c00083:   98 e2 c3 71 68 68 6d c3 71 81 c1 5c 02 06 00 33
0x71c00093:   c0 e8 b7 ec ff ff 8b 55 00 8b 04 95 98 e2 c3 71
0x71c000a3:   83 b8 50 02 06 00 00 74 50 8b 74 24 18 83 c6 f0
0x71c000b3:   83 7e 0c 00 8d 7e 0c 75 1e 68 08 6e c3 71 6a 00 


Register to memory mapping:

EAX=0x00000000 is an unknown value
EBX=0x150f62a0 is an unknown value
ECX=0x155502c4 is an unknown value
EDX=0xffffffff is an unknown value
ESP=0x00bbf920 is pointing into the stack for thread: 0x00983400
EBP=0x00bbf954 is pointing into the stack for thread: 0x00983400
ESI=0x00000001 is an unknown value
EDI=0x154f0068 is an unknown value


Stack: [0x00b70000,0x00bc0000],  sp=0x00bbf920,  free space=318k
Native frames: (J=compiled Java code, j=interpreted, Vv=VM code, C=native code)
C  [UHFReader288MP.dll+0x100a3]
C  0x150e3800

Java frames: (J=compiled Java code, j=interpreted, Vv=VM code)
j  com.rfid.uhf.Device.OpenNetPort(ILjava/lang/String;[B[I)I+0
j  uhf.rfid1.main([Ljava/lang/String;)V+43
j  com.mycompany.helloworld.Main.main([Ljava/lang/String;)V+102
v  ~StubRoutines::call_stub

---------------  P R O C E S S  ---------------

Java Threads: ( => current thread )
  0x150da000 JavaThread "MQTT Ping: JavaSampleHanjohan" [_thread_blocked, id=11792, stack(0x15250000,0x152a0000)]
  0x150eb400 JavaThread "MQTT Call: JavaSampleHanjohan" [_thread_blocked, id=11452, stack(0x15490000,0x154e0000)]
  0x150ea800 JavaThread "MQTT Snd: JavaSampleHanjohan" [_thread_blocked, id=8840, stack(0x15400000,0x15450000)]
  0x150ea000 JavaThread "MQTT Rec: JavaSampleHanjohan" [_thread_in_native, id=636, stack(0x15370000,0x153c0000)]
  0x14cd6000 JavaThread "Service Thread" daemon [_thread_blocked, id=10160, stack(0x14f30000,0x14f80000)]
  0x14cad000 JavaThread "C1 CompilerThread0" daemon [_thread_blocked, id=7520, stack(0x14ea0000,0x14ef0000)]
  0x14caa400 JavaThread "Attach Listener" daemon [_thread_blocked, id=6640, stack(0x14e10000,0x14e60000)]
  0x14ca9800 JavaThread "Signal Dispatcher" daemon [_thread_blocked, id=8984, stack(0x14d80000,0x14dd0000)]
  0x00a4d400 JavaThread "Finalizer" daemon [_thread_blocked, id=2916, stack(0x14af0000,0x14b40000)]
  0x00a47000 JavaThread "Reference Handler" daemon [_thread_blocked, id=1156, stack(0x14a60000,0x14ab0000)]
=>0x00983400 JavaThread "main" [_thread_in_native, id=11100, stack(0x00b70000,0x00bc0000)]

Other Threads:
  0x00a32800 VMThread [stack: 0x04550000,0x045a0000] [id=204]
  0x14ce2c00 WatcherThread [stack: 0x14fc0000,0x15010000] [id=10036]

VM state:not at safepoint (normal execution)

VM Mutex/Monitor currently owned by a thread: None

Heap:
 def new generation   total 4928K, used 3259K [0x04600000, 0x04b50000, 0x09b50000)
  eden space 4416K,  73% used [0x04600000, 0x0492ef28, 0x04a50000)
  from space 512K,   0% used [0x04a50000, 0x04a50000, 0x04ad0000)
  to   space 512K,   0% used [0x04ad0000, 0x04ad0000, 0x04b50000)
 tenured generation   total 10944K, used 0K [0x09b50000, 0x0a600000, 0x14600000)
   the space 10944K,   0% used [0x09b50000, 0x09b50000, 0x09b50200, 0x0a600000)
 Metaspace       used 2814K, capacity 2830K, committed 2880K, reserved 4480K

Card table byte_map: [0x04480000,0x04510000] byte_map_base: 0x0445d000

Polling page: 0x00930000

CodeCache: size=32768Kb used=777Kb max_used=777Kb free=31990Kb
 bounds [0x02480000, 0x02548000, 0x04480000]
 total_blobs=198 nmethods=48 adapters=82
 compilation: enabled

Compilation events (10 events):
Event: 0.157 Thread 0x14cad000   44             java.lang.AbstractStringBuilder::append (50 bytes)
Event: 0.158 Thread 0x14cad000 nmethod 44 0x02540648 code [0x02540780, 0x025409e0]
Event: 0.256 Thread 0x14cad000   45             java.util.Properties::load0 (250 bytes)
Event: 0.257 Thread 0x14cad000 nmethod 45 0x02540e08 code [0x02540f50, 0x02541260]
Event: 0.530 Thread 0x14cad000   46             java.lang.StringBuilder::append (8 bytes)
Event: 0.531 Thread 0x14cad000 nmethod 46 0x025415c8 code [0x025416c0, 0x0254175c]
Event: 1.136 Thread 0x14cad000   47             java.lang.String::indexOf (7 bytes)
Event: 1.136 Thread 0x14cad000 nmethod 47 0x025417c8 code [0x025418c0, 0x0254195c]
Event: 1.528 Thread 0x14cad000   48             java.util.ArrayList::size (5 bytes)
Event: 1.528 Thread 0x14cad000 nmethod 48 0x02542508 code [0x02542600, 0x02542680]

GC Heap History (0 events):
No events

Deoptimization events (0 events):
No events

Classes redefined (0 events):
No events

Internal exceptions (6 events):
Event: 0.050 Thread 0x00983400 Exception <a 'java/lang/NoSuchMethodError': Method sun.misc.Unsafe.defineClass(Ljava/lang/String;[BII)Ljava/lang/Class; name or signature does not match> (0x04606eb8) thrown at [C:\jenkins\workspace\8-2-build-windows-i586-cygwin\jdk8u281\880\hotspot\src\s
Event: 0.050 Thread 0x00983400 Exception <a 'java/lang/NoSuchMethodError': Method sun.misc.Unsafe.prefetchRead(Ljava/lang/Object;J)V name or signature does not match> (0x04607188) thrown at [C:\jenkins\workspace\8-2-build-windows-i586-cygwin\jdk8u281\880\hotspot\src\share\vm\prims\jni.
Event: 0.129 Thread 0x00983400 Exception <a 'java/security/PrivilegedActionException'> (0x0474f5d8) thrown at [C:\jenkins\workspace\8-2-build-windows-i586-cygwin\jdk8u281\880\hotspot\src\share\vm\prims\jvm.cpp, line 1512]
Event: 0.129 Thread 0x00983400 Exception <a 'java/security/PrivilegedActionException'> (0x0474f7d8) thrown at [C:\jenkins\workspace\8-2-build-windows-i586-cygwin\jdk8u281\880\hotspot\src\share\vm\prims\jvm.cpp, line 1512]
Event: 0.129 Thread 0x00983400 Exception <a 'java/security/PrivilegedActionException'> (0x047538b0) thrown at [C:\jenkins\workspace\8-2-build-windows-i586-cygwin\jdk8u281\880\hotspot\src\share\vm\prims\jvm.cpp, line 1512]
Event: 0.129 Thread 0x00983400 Exception <a 'java/security/PrivilegedActionException'> (0x04753ab0) thrown at [C:\jenkins\workspace\8-2-build-windows-i586-cygwin\jdk8u281\880\hotspot\src\share\vm\prims\jvm.cpp, line 1512]

Events (10 events):
Event: 1.521 loading class org/eclipse/paho/client/mqttv3/MqttMessage
Event: 1.521 loading class org/eclipse/paho/client/mqttv3/MqttMessage done
Event: 1.523 loading class java/lang/IllegalStateException
Event: 1.523 loading class java/lang/IllegalStateException done
Event: 1.523 loading class org/eclipse/paho/client/mqttv3/MqttTopic
Event: 1.524 loading class org/eclipse/paho/client/mqttv3/MqttTopic done
Event: 1.525 loading class org/eclipse/paho/client/mqttv3/util/Strings
Event: 1.525 loading class org/eclipse/paho/client/mqttv3/util/Strings done
Event: 1.527 loading class org/eclipse/paho/client/mqttv3/internal/wire/MqttReceivedMessage
Event: 1.527 loading class org/eclipse/paho/client/mqttv3/internal/wire/MqttReceivedMessage done


Dynamic libraries:
0x008b0000 - 0x008ee000 	C:\Program Files (x86)\Java\jdk1.8.0_281\bin\java.exe
0x77c60000 - 0x77dfa000 	C:\WINDOWS\SYSTEM32\ntdll.dll
0x75ae0000 - 0x75bc0000 	C:\WINDOWS\System32\KERNEL32.DLL
0x74b60000 - 0x74b6e000 	C:\Program Files\AVAST Software\Avast\x86\aswhook.dll
0x77200000 - 0x773ff000 	C:\WINDOWS\System32\KERNELBASE.dll
0x73590000 - 0x7362f000 	C:\WINDOWS\SYSTEM32\apphelp.dll
0x75bd0000 - 0x75c49000 	C:\WINDOWS\System32\ADVAPI32.dll
0x75ee0000 - 0x75f9f000 	C:\WINDOWS\System32\msvcrt.dll
0x77890000 - 0x77906000 	C:\WINDOWS\System32\sechost.dll
0x76520000 - 0x765db000 	C:\WINDOWS\System32\RPCRT4.dll
0x75430000 - 0x75455000 	C:\WINDOWS\System32\SspiCli.dll
0x75420000 - 0x7542a000 	C:\WINDOWS\System32\CRYPTBASE.dll
0x77b90000 - 0x77bf0000 	C:\WINDOWS\System32\bcryptPrimitives.dll
0x77060000 - 0x771f8000 	C:\WINDOWS\System32\USER32.dll
0x75530000 - 0x75547000 	C:\WINDOWS\System32\win32u.dll
0x75550000 - 0x75571000 	C:\WINDOWS\System32\GDI32.dll
0x75c50000 - 0x75dad000 	C:\WINDOWS\System32\gdi32full.dll
0x75630000 - 0x756ac000 	C:\WINDOWS\System32\msvcp_win.dll
0x77a70000 - 0x77b90000 	C:\WINDOWS\System32\ucrtbase.dll
0x74ba0000 - 0x74daf000 	C:\WINDOWS\WinSxS\x86_microsoft.windows.common-controls_6595b64144ccf1df_6.0.18362.1316_none_e6276d26f8de04dd\COMCTL32.dll
0x77610000 - 0x77886000 	C:\WINDOWS\System32\combase.dll
0x75a00000 - 0x75a25000 	C:\WINDOWS\System32\IMM32.DLL
0x74b40000 - 0x74b53000 	C:\Program Files (x86)\Java\jdk1.8.0_281\jre\bin\vcruntime140.dll
0x74960000 - 0x749cf000 	C:\Program Files (x86)\Java\jdk1.8.0_281\jre\bin\msvcp140.dll
0x74580000 - 0x7495e000 	C:\Program Files (x86)\Java\jdk1.8.0_281\jre\bin\client\jvm.dll
0x77600000 - 0x77606000 	C:\WINDOWS\System32\PSAPI.DLL
0x74570000 - 0x74578000 	C:\WINDOWS\SYSTEM32\WSOCK32.dll
0x75810000 - 0x7586e000 	C:\WINDOWS\System32\WS2_32.dll
0x74520000 - 0x74544000 	C:\WINDOWS\SYSTEM32\WINMM.dll
0x74550000 - 0x74558000 	C:\WINDOWS\SYSTEM32\VERSION.dll
0x744e0000 - 0x74503000 	C:\WINDOWS\SYSTEM32\WINMMBASE.dll
0x759c0000 - 0x759fb000 	C:\WINDOWS\System32\cfgmgr32.dll
0x75bc0000 - 0x75bcf000 	C:\WINDOWS\System32\kernel.appcore.dll
0x74560000 - 0x7456d000 	C:\Program Files (x86)\Java\jdk1.8.0_281\jre\bin\verify.dll
0x744b0000 - 0x744d4000 	C:\Program Files (x86)\Java\jdk1.8.0_281\jre\bin\java.dll
0x74310000 - 0x74324000 	C:\Program Files (x86)\Java\jdk1.8.0_281\jre\bin\zip.dll
0x75fa0000 - 0x7651b000 	C:\WINDOWS\System32\SHELL32.dll
0x75a50000 - 0x75ad3000 	C:\WINDOWS\System32\shcore.dll
0x76a50000 - 0x77010000 	C:\WINDOWS\System32\windows.storage.dll
0x77a50000 - 0x77a6b000 	C:\WINDOWS\System32\profapi.dll
0x77010000 - 0x77053000 	C:\WINDOWS\System32\powrprof.dll
0x77a40000 - 0x77a4d000 	C:\WINDOWS\System32\UMPDC.dll
0x75970000 - 0x759b4000 	C:\WINDOWS\System32\shlwapi.dll
0x76a30000 - 0x76a43000 	C:\WINDOWS\System32\cryptsp.dll
0x73ec0000 - 0x73ed7000 	C:\Program Files (x86)\Java\jdk1.8.0_281\jre\bin\net.dll
0x74440000 - 0x74492000 	C:\WINDOWS\system32\mswsock.dll
0x743a0000 - 0x74433000 	C:\WINDOWS\SYSTEM32\DNSAPI.dll
0x75a30000 - 0x75a37000 	C:\WINDOWS\System32\NSI.dll
0x75140000 - 0x75172000 	C:\WINDOWS\SYSTEM32\IPHLPAPI.DLL
0x74390000 - 0x74398000 	C:\Windows\System32\rasadhlp.dll
0x74330000 - 0x74381000 	C:\WINDOWS\System32\fwpuclnt.dll
0x75e10000 - 0x75e29000 	C:\WINDOWS\System32\bcrypt.dll
0x73e90000 - 0x73ebf000 	D:\Kuliah\NetBeansProjects\New Folder\testdemo\com_rfid_uhf_Devices.dll
0x71bf0000 - 0x71c46000 	C:\Program Files (x86)\Java\jdk1.8.0_281\bin\UHFReader288MP.dll
0x765e0000 - 0x76a29000 	C:\WINDOWS\System32\SETUPAPI.dll
0x719d0000 - 0x71b5f000 	C:\WINDOWS\SYSTEM32\dbghelp.dll

VM Arguments:
java_command: com.mycompany.helloworld.Main
java_class_path (initial): D:\Kuliah\NetBeansProjects\HelloWorld\target\classes;C:\Users\Global Store\.m2\repository\org\eclipse\paho\org.eclipse.paho.client.mqttv3\1.2.5\org.eclipse.paho.client.mqttv3-1.2.5.jar
Launcher Type: SUN_STANDARD

Environment Variables:
JAVA_HOME=C:\Program Files (x86)\Java\jdk1.8.0_281
PATH=C:\Program Files (x86)\Java\jdk1.8.0_281\bin;C:\windows\system32;C:\windows;C:\windows\System32\Wbem;C:\windows\System32\WindowsPowerShell\v1.0\;C:\Program Files (x86)\NVIDIA Corporation\PhysX\Common;C:\Program Files\Microsoft SQL Server\120\Tools\Binn\;C:\Users\Global Store\.dnx\bin;C:\Program Files\Microsoft DNX\Dnvm\;C:\Program Files (x86)\Windows Kits\8.1\Windows Performance Toolkit\;C:\Program Files\NVIDIA Corporation\NVIDIA NvDLISR;C:\WINDOWS\system32;C:\WINDOWS;C:\WINDOWS\System32\Wbem;C:\WINDOWS\System32\WindowsPowerShell\v1.0\;C:\WINDOWS\System32\OpenSSH\;C:\opencv\opencv\build\x64\vc14\bin;C:\Program Files (x86)\MAVProxy;C:\Program Files\MATLAB\R2014b\runtime\win64;C:\Program Files\MATLAB\R2014b\bin;C:\Program Files\MATLAB\R2014b\polyspace\bin;C:\ProgramData\chocolatey\bin;C:\Program Files\nodejs\;C:\Program Files (x86)\STMicroelectronics\STM32 ST-LINK Utility\ST-LINK Utility;C:\Program Files (x86)\GnuWin32\bin;C:\Users\Global Store\.dnx\bin;C:\Users\Global Store\AppData\Local\Microsoft\WindowsApps;D:\Kuliah\OpenCV3.1\install\x86\vc14\bin;C:\Users\Global Store\AppData\Roaming\npm;D:\Microsoft VS Code\bin;C:\Program Files (x86)\GnuWin32\bin;D:\Kuliah\anaconda;D:\Kuliah\Inno Setup 6
USERNAME=Global Store
OS=Windows_NT
PROCESSOR_IDENTIFIER=Intel64 Family 6 Model 142 Stepping 9, GenuineIntel



---------------  S Y S T E M  ---------------

OS: Windows 10.0 , 64 bit Build 18362 (10.0.18362.1110)

CPU:total 4 (initial active 4) (2 cores per cpu, 2 threads per core) family 6 model 142 stepping 9, cmov, cx8, fxsr, mmx, sse, sse2, sse3, ssse3, sse4.1, sse4.2, popcnt, avx, avx2, aes, clmul, erms, 3dnowpref, lzcnt, ht, tsc, tscinvbit, bmi1, bmi2, adx

Memory: 4k page, physical 4074532k(311892k free), swap 6302756k(1397664k free)

vm_info: Java HotSpot(TM) Client VM (25.281-b09) for windows-x86 JRE (1.8.0_281-b09), built on Dec  9 2020 12:52:05 by "" with MS VC++ 15.9 (VS2017)

time: Wed Feb 10 22:39:53 2021
timezone: SE Asia Standard Time
elapsed time: 2.850987 seconds (0d 0h 0m 2s)

